build/outputs/logs/manifest-merger-debug-report.txt
-- Merging decision tree log ---
manifest
ADDED from Android Studio\FanXin0712\AndroidManifest.xml:2:1-553:12
	package
		ADDED from Android Studio\FanXin0712\AndroidManifest.xml:4:5-29
		INJECTED from Android Studio\FanXin0712\AndroidManifest.xml
		INJECTED from Android Studio\FanXin0712\AndroidManifest.xml
	android:versionName
		ADDED from Android Studio\FanXin0712\AndroidManifest.xml:6:5-30
		INJECTED from Android Studio\FanXin0712\AndroidManifest.xml
		INJECTED from Android Studio\FanXin0712\AndroidManifest.xml
	xmlns:tools
		ADDED from Android Studio\FanXin0712\AndroidManifest.xml:3:5-51
	android:versionCode
		ADDED from Android Studio\FanXin0712\AndroidManifest.xml:5:5-29
		INJECTED from Android Studio\FanXin0712\AndroidManifest.xml
		INJECTED from Android Studio\FanXin0712\AndroidManifest.xml
	xmlns:android
		ADDED from Android Studio\FanXin0712\AndroidManifest.xml:2:11-69
uses-sdk
ADDED from Android Studio\FanXin0712\AndroidManifest.xml:8:5-11:59
MERGED from [com.android.support:multidex:1.0.1] AndroidManifest.xml:18:5-42
MERGED from [FanXin0712:redpacketlibrary:unspecified] AndroidManifest.xml:7:5-9:41
MERGED from [FanXin0712:easeuilibrary:unspecified] AndroidManifest.xml:7:5-9:41
MERGED from [FanXin0712:library:unspecified] AndroidManifest.xml:7:5-43
MERGED from [com.facebook.fresco:fresco:0.11.0] AndroidManifest.xml:5:5-7:41
MERGED from [com.facebook.fresco:drawee:0.11.0] AndroidManifest.xml:5:5-7:41
MERGED from [com.facebook.fresco:fbcore:0.11.0] AndroidManifest.xml:5:5-7:41
MERGED from [com.facebook.fresco:fbcore:0.11.0] AndroidManifest.xml:5:5-7:41
MERGED from [com.facebook.fresco:imagepipeline:0.11.0] AndroidManifest.xml:5:5-7:41
MERGED from [com.facebook.fresco:fbcore:0.11.0] AndroidManifest.xml:5:5-7:41
MERGED from [com.facebook.fresco:imagepipeline-base:0.11.0] AndroidManifest.xml:5:5-7:41
MERGED from [com.facebook.fresco:fbcore:0.11.0] AndroidManifest.xml:5:5-7:41
	tools:overrideLibrary
		ADDED from Android Studio\FanXin0712\AndroidManifest.xml:11:9-56
	android:targetSdkVersion
		ADDED from Android Studio\FanXin0712\AndroidManifest.xml:10:9-38
		INJECTED from Android Studio\FanXin0712\AndroidManifest.xml
		INJECTED from Android Studio\FanXin0712\AndroidManifest.xml
	android:minSdkVersion
		ADDED from Android Studio\FanXin0712\AndroidManifest.xml:9:9-35
		INJECTED from Android Studio\FanXin0712\AndroidManifest.xml
		INJECTED from Android Studio\FanXin0712\AndroidManifest.xml
uses-permission#android.permission.VIBRATE
ADDED from Android Studio\FanXin0712\AndroidManifest.xml:13:5-66
	android:name
		ADDED from Android Studio\FanXin0712\AndroidManifest.xml:13:22-63
uses-permission#android.permission.INTERNET
ADDED from Android Studio\FanXin0712\AndroidManifest.xml:14:5-67
	android:name
		ADDED from Android Studio\FanXin0712\AndroidManifest.xml:14:22-64
uses-permission#android.permission.RECORD_AUDIO
ADDED from Android Studio\FanXin0712\AndroidManifest.xml:15:5-71
	android:name
		ADDED from Android Studio\FanXin0712\AndroidManifest.xml:15:22-68
uses-permission#android.permission.CAMERA
ADDED from Android Studio\FanXin0712\AndroidManifest.xml:16:5-65
	android:name
		ADDED from Android Studio\FanXin0712\AndroidManifest.xml:16:22-62
uses-permission#android.permission.ACCESS_NETWORK_STATE
ADDED from Android Studio\FanXin0712\AndroidManifest.xml:17:5-79
	android:name
		ADDED from Android Studio\FanXin0712\AndroidManifest.xml:17:22-76
uses-permission#android.permission.WRITE_EXTERNAL_STORAGE
ADDED from Android Studio\FanXin0712\AndroidManifest.xml:18:5-81
	android:name
		ADDED from Android Studio\FanXin0712\AndroidManifest.xml:18:22-78
uses-permission#android.permission.MOUNT_UNMOUNT_FILESYSTEMS
ADDED from Android Studio\FanXin0712\AndroidManifest.xml:19:5-84
	android:name
		ADDED from Android Studio\FanXin0712\AndroidManifest.xml:19:22-81
uses-permission#android.permission.ACCESS_FINE_LOCATION
ADDED from Android Studio\FanXin0712\AndroidManifest.xml:20:5-79
	android:name
		ADDED from Android Studio\FanXin0712\AndroidManifest.xml:20:22-76
uses-permission#android.permission.GET_TASKS
ADDED from Android Studio\FanXin0712\AndroidManifest.xml:21:5-68
	android:name
		ADDED from Android Studio\FanXin0712\AndroidManifest.xml:21:22-65
uses-permission#android.permission.ACCESS_WIFI_STATE
ADDED from Android Studio\FanXin0712\AndroidManifest.xml:22:5-76
	android:name
		ADDED from Android Studio\FanXin0712\AndroidManifest.xml:22:22-73
uses-permission#android.permission.CHANGE_WIFI_STATE
ADDED from Android Studio\FanXin0712\AndroidManifest.xml:23:5-76
	android:name
		ADDED from Android Studio\FanXin0712\AndroidManifest.xml:23:22-73
uses-permission#android.permission.WAKE_LOCK
ADDED from Android Studio\FanXin0712\AndroidManifest.xml:24:5-68
	android:name
		ADDED from Android Studio\FanXin0712\AndroidManifest.xml:24:22-65
uses-permission#android.permission.MODIFY_AUDIO_SETTINGS
ADDED from Android Studio\FanXin0712\AndroidManifest.xml:25:5-80
	android:name
		ADDED from Android Studio\FanXin0712\AndroidManifest.xml:25:22-77
uses-permission#android.permission.READ_PHONE_STATE
ADDED from Android Studio\FanXin0712\AndroidManifest.xml:26:5-75
	android:name
		ADDED from Android Studio\FanXin0712\AndroidManifest.xml:26:22-72
uses-permission#android.permission.RECEIVE_BOOT_COMPLETED
ADDED from Android Studio\FanXin0712\AndroidManifest.xml:27:5-81
	android:name
		ADDED from Android Studio\FanXin0712\AndroidManifest.xml:27:22-78
uses-permission#android.permission.USE_CREDENTIALS
ADDED from Android Studio\FanXin0712\AndroidManifest.xml:28:5-74
	android:name
		ADDED from Android Studio\FanXin0712\AndroidManifest.xml:28:22-71
uses-permission#com.android.launcher.permission.READ_SETTINGS
ADDED from Android Studio\FanXin0712\AndroidManifest.xml:29:5-85
	android:name
		ADDED from Android Studio\FanXin0712\AndroidManifest.xml:29:22-82
uses-permission#android.permission.BROADCAST_STICKY
ADDED from Android Studio\FanXin0712\AndroidManifest.xml:30:5-75
	android:name
		ADDED from Android Studio\FanXin0712\AndroidManifest.xml:30:22-72
uses-permission#android.permission.WRITE_SETTINGS
ADDED from Android Studio\FanXin0712\AndroidManifest.xml:31:5-73
	android:name
		ADDED from Android Studio\FanXin0712\AndroidManifest.xml:31:22-70
uses-permission#android.permission.REQUEST_IGNORE_BATTERY_OPTIMIZATIONS
ADDED from Android Studio\FanXin0712\AndroidManifest.xml:32:5-95
	android:name
		ADDED from Android Studio\FanXin0712\AndroidManifest.xml:32:22-92
uses-permission#com.google.android.c2dm.permission.RECEIVE
ADDED from Android Studio\FanXin0712\AndroidManifest.xml:35:5-82
	android:name
		ADDED from Android Studio\FanXin0712\AndroidManifest.xml:35:22-79
permission#com.fanxin.app.permission.C2D_MESSAGE
ADDED from Android Studio\FanXin0712\AndroidManifest.xml:36:5-38:47
	android:protectionLevel
		ADDED from Android Studio\FanXin0712\AndroidManifest.xml:38:9-44
	android:name
		ADDED from Android Studio\FanXin0712\AndroidManifest.xml:37:9-61
uses-permission#com.fanxin.app.permission.C2D_MESSAGE
ADDED from Android Studio\FanXin0712\AndroidManifest.xml:39:5-77
	android:name
		ADDED from Android Studio\FanXin0712\AndroidManifest.xml:39:22-74
permission#com.fanxin.app.permission.MIPUSH_RECEIVE
ADDED from Android Studio\FanXin0712\AndroidManifest.xml:41:5-43:47
	android:protectionLevel
		ADDED from Android Studio\FanXin0712\AndroidManifest.xml:43:9-44
	android:name
		ADDED from Android Studio\FanXin0712\AndroidManifest.xml:42:9-64
uses-permission#com.fanxin.app.permission.MIPUSH_RECEIVE
ADDED from Android Studio\FanXin0712\AndroidManifest.xml:45:5-80
	android:name
		ADDED from Android Studio\FanXin0712\AndroidManifest.xml:45:22-77
application
ADDED from Android Studio\FanXin0712\AndroidManifest.xml:47:5-551:19
MERGED from [FanXin0712:library:unspecified] AndroidManifest.xml:9:5-20
	android:label
		ADDED from Android Studio\FanXin0712\AndroidManifest.xml:51:9-41
	android:allowBackup
		ADDED from Android Studio\FanXin0712\AndroidManifest.xml:49:9-35
	android:icon
		ADDED from Android Studio\FanXin0712\AndroidManifest.xml:50:9-48
	android:name
		ADDED from Android Studio\FanXin0712\AndroidManifest.xml:48:9-39
activity#com.fanxin.app.main.activity.MainActivity
ADDED from Android Studio\FanXin0712\AndroidManifest.xml:52:9-57:64
	android:screenOrientation
		ADDED from Android Studio\FanXin0712\AndroidManifest.xml:55:13-49
	android:launchMode
		ADDED from Android Studio\FanXin0712\AndroidManifest.xml:54:13-44
	android:windowSoftInputMode
		ADDED from Android Studio\FanXin0712\AndroidManifest.xml:57:13-52
	android:theme
		ADDED from Android Studio\FanXin0712\AndroidManifest.xml:56:13-52
	android:name
		ADDED from Android Studio\FanXin0712\AndroidManifest.xml:53:13-55
activity#com.fanxin.app.main.activity.SplashActivity
ADDED from Android Studio\FanXin0712\AndroidManifest.xml:60:9-69:20
	android:screenOrientation
		ADDED from Android Studio\FanXin0712\AndroidManifest.xml:62:13-49
	android:theme
		ADDED from Android Studio\FanXin0712\AndroidManifest.xml:63:13-52
	android:name
		ADDED from Android Studio\FanXin0712\AndroidManifest.xml:61:13-57
intent-filter#android.intent.action.MAIN+android.intent.category.LAUNCHER
ADDED from Android Studio\FanXin0712\AndroidManifest.xml:64:13-68:29
action#android.intent.action.MAIN
ADDED from Android Studio\FanXin0712\AndroidManifest.xml:65:17-69
	android:name
		ADDED from Android Studio\FanXin0712\AndroidManifest.xml:65:25-66
category#android.intent.category.LAUNCHER
ADDED from Android Studio\FanXin0712\AndroidManifest.xml:67:17-77
	android:name
		ADDED from Android Studio\FanXin0712\AndroidManifest.xml:67:27-74
activity#com.fanxin.app.main.activity.LoginActivity
ADDED from Android Studio\FanXin0712\AndroidManifest.xml:72:9-76:67
	android:screenOrientation
		ADDED from Android Studio\FanXin0712\AndroidManifest.xml:74:13-49
	android:windowSoftInputMode
		ADDED from Android Studio\FanXin0712\AndroidManifest.xml:76:13-55
	android:theme
		ADDED from Android Studio\FanXin0712\AndroidManifest.xml:75:13-52
	android:name
		ADDED from Android Studio\FanXin0712\AndroidManifest.xml:73:13-56
activity#com.fanxin.app.main.activity.RegisterActivity
ADDED from Android Studio\FanXin0712\AndroidManifest.xml:79:9-83:67
	android:screenOrientation
		ADDED from Android Studio\FanXin0712\AndroidManifest.xml:81:13-49
	android:windowSoftInputMode
		ADDED from Android Studio\FanXin0712\AndroidManifest.xml:83:13-55
	android:theme
		ADDED from Android Studio\FanXin0712\AndroidManifest.xml:82:13-52
	android:name
		ADDED from Android Studio\FanXin0712\AndroidManifest.xml:80:13-59
activity#com.fanxin.app.ui.ChatActivity
ADDED from Android Studio\FanXin0712\AndroidManifest.xml:85:9-90:67
	android:screenOrientation
		ADDED from Android Studio\FanXin0712\AndroidManifest.xml:88:13-49
	android:launchMode
		ADDED from Android Studio\FanXin0712\AndroidManifest.xml:87:13-44
	android:windowSoftInputMode
		ADDED from Android Studio\FanXin0712\AndroidManifest.xml:90:13-55
	android:theme
		ADDED from Android Studio\FanXin0712\AndroidManifest.xml:89:13-52
	android:name
		ADDED from Android Studio\FanXin0712\AndroidManifest.xml:86:13-44
activity#com.fanxin.app.ui.AddContactActivity
ADDED from Android Studio\FanXin0712\AndroidManifest.xml:93:9-97:67
	android:screenOrientation
		ADDED from Android Studio\FanXin0712\AndroidManifest.xml:95:13-49
	android:windowSoftInputMode
		ADDED from Android Studio\FanXin0712\AndroidManifest.xml:97:13-55
	android:theme
		ADDED from Android Studio\FanXin0712\AndroidManifest.xml:96:13-52
	android:name
		ADDED from Android Studio\FanXin0712\AndroidManifest.xml:94:13-50
activity#com.fanxin.app.ui.GroupDetailsActivity
ADDED from Android Studio\FanXin0712\AndroidManifest.xml:99:9-102:64
	android:screenOrientation
		ADDED from Android Studio\FanXin0712\AndroidManifest.xml:101:13-49
	android:theme
		ADDED from Android Studio\FanXin0712\AndroidManifest.xml:102:13-52
	android:name
		ADDED from Android Studio\FanXin0712\AndroidManifest.xml:100:13-52
activity#com.fanxin.app.ui.GroupsActivity
ADDED from Android Studio\FanXin0712\AndroidManifest.xml:104:9-108:64
	android:screenOrientation
		ADDED from Android Studio\FanXin0712\AndroidManifest.xml:106:13-49
	android:windowSoftInputMode
		ADDED from Android Studio\FanXin0712\AndroidManifest.xml:108:13-52
	android:theme
		ADDED from Android Studio\FanXin0712\AndroidManifest.xml:107:13-52
	android:name
		ADDED from Android Studio\FanXin0712\AndroidManifest.xml:105:13-46
activity#com.fanxin.app.ui.ChatRoomDetailsActivity
ADDED from Android Studio\FanXin0712\AndroidManifest.xml:111:9-114:64
	android:screenOrientation
		ADDED from Android Studio\FanXin0712\AndroidManifest.xml:113:13-49
	android:theme
		ADDED from Android Studio\FanXin0712\AndroidManifest.xml:114:13-52
	android:name
		ADDED from Android Studio\FanXin0712\AndroidManifest.xml:112:13-55
activity#com.fanxin.app.ui.NewGroupActivity
ADDED from Android Studio\FanXin0712\AndroidManifest.xml:117:9-121:64
	android:screenOrientation
		ADDED from Android Studio\FanXin0712\AndroidManifest.xml:119:13-49
	android:windowSoftInputMode
		ADDED from Android Studio\FanXin0712\AndroidManifest.xml:121:13-52
	android:theme
		ADDED from Android Studio\FanXin0712\AndroidManifest.xml:120:13-52
	android:name
		ADDED from Android Studio\FanXin0712\AndroidManifest.xml:118:13-48
activity#com.fanxin.app.ui.ExitGroupDialog
ADDED from Android Studio\FanXin0712\AndroidManifest.xml:123:9-126:67
	android:screenOrientation
		ADDED from Android Studio\FanXin0712\AndroidManifest.xml:125:13-49
	android:theme
		ADDED from Android Studio\FanXin0712\AndroidManifest.xml:126:13-55
	android:name
		ADDED from Android Studio\FanXin0712\AndroidManifest.xml:124:13-47
activity#com.fanxin.app.ui.GroupPickContactsActivity
ADDED from Android Studio\FanXin0712\AndroidManifest.xml:128:9-132:64
	android:screenOrientation
		ADDED from Android Studio\FanXin0712\AndroidManifest.xml:130:13-49
	android:windowSoftInputMode
		ADDED from Android Studio\FanXin0712\AndroidManifest.xml:132:13-52
	android:theme
		ADDED from Android Studio\FanXin0712\AndroidManifest.xml:131:13-52
	android:name
		ADDED from Android Studio\FanXin0712\AndroidManifest.xml:129:13-57
activity#com.fanxin.app.ui.PickAtUserActivity
ADDED from Android Studio\FanXin0712\AndroidManifest.xml:134:9-137:64
	android:screenOrientation
		ADDED from Android Studio\FanXin0712\AndroidManifest.xml:136:13-49
	android:theme
		ADDED from Android Studio\FanXin0712\AndroidManifest.xml:137:13-52
	android:name
		ADDED from Android Studio\FanXin0712\AndroidManifest.xml:135:13-50
activity#com.fanxin.easeui.ui.EaseBaiduMapActivity
ADDED from Android Studio\FanXin0712\AndroidManifest.xml:139:9-142:64
	android:screenOrientation
		ADDED from Android Studio\FanXin0712\AndroidManifest.xml:141:13-49
	android:theme
		ADDED from Android Studio\FanXin0712\AndroidManifest.xml:142:13-52
	android:name
		ADDED from Android Studio\FanXin0712\AndroidManifest.xml:140:13-69
activity#com.fanxin.app.ui.NewFriendsMsgActivity
ADDED from Android Studio\FanXin0712\AndroidManifest.xml:145:9-148:64
	android:screenOrientation
		ADDED from Android Studio\FanXin0712\AndroidManifest.xml:147:13-49
	android:theme
		ADDED from Android Studio\FanXin0712\AndroidManifest.xml:148:13-52
	android:name
		ADDED from Android Studio\FanXin0712\AndroidManifest.xml:146:13-53
activity#com.fanxin.app.ui.ForwardMessageActivity
ADDED from Android Studio\FanXin0712\AndroidManifest.xml:150:9-154:64
	android:screenOrientation
		ADDED from Android Studio\FanXin0712\AndroidManifest.xml:152:13-49
	android:windowSoftInputMode
		ADDED from Android Studio\FanXin0712\AndroidManifest.xml:154:13-52
	android:theme
		ADDED from Android Studio\FanXin0712\AndroidManifest.xml:153:13-52
	android:name
		ADDED from Android Studio\FanXin0712\AndroidManifest.xml:151:13-54
activity#com.fanxin.app.ui.ContextMenuActivity
ADDED from Android Studio\FanXin0712\AndroidManifest.xml:156:9-159:61
	android:screenOrientation
		ADDED from Android Studio\FanXin0712\AndroidManifest.xml:158:13-49
	android:theme
		ADDED from Android Studio\FanXin0712\AndroidManifest.xml:159:13-49
	android:name
		ADDED from Android Studio\FanXin0712\AndroidManifest.xml:157:13-51
activity#com.fanxin.easeui.ui.EaseShowBigImageActivity
ADDED from Android Studio\FanXin0712\AndroidManifest.xml:161:9-164:64
	android:screenOrientation
		ADDED from Android Studio\FanXin0712\AndroidManifest.xml:163:13-49
	android:theme
		ADDED from Android Studio\FanXin0712\AndroidManifest.xml:164:13-52
	android:name
		ADDED from Android Studio\FanXin0712\AndroidManifest.xml:162:13-73
activity#com.fanxin.easeui.ui.EaseShowNormalFileActivity
ADDED from Android Studio\FanXin0712\AndroidManifest.xml:166:9-169:64
	android:screenOrientation
		ADDED from Android Studio\FanXin0712\AndroidManifest.xml:168:13-49
	android:theme
		ADDED from Android Studio\FanXin0712\AndroidManifest.xml:169:13-52
	android:name
		ADDED from Android Studio\FanXin0712\AndroidManifest.xml:167:13-75
activity#com.fanxin.app.ui.BlacklistActivity
ADDED from Android Studio\FanXin0712\AndroidManifest.xml:171:9-174:64
	android:screenOrientation
		ADDED from Android Studio\FanXin0712\AndroidManifest.xml:173:13-49
	android:theme
		ADDED from Android Studio\FanXin0712\AndroidManifest.xml:174:13-52
	android:name
		ADDED from Android Studio\FanXin0712\AndroidManifest.xml:172:13-49
activity#com.fanxin.app.ui.PublicGroupsActivity
ADDED from Android Studio\FanXin0712\AndroidManifest.xml:177:9-181:64
	android:screenOrientation
		ADDED from Android Studio\FanXin0712\AndroidManifest.xml:179:13-49
	android:windowSoftInputMode
		ADDED from Android Studio\FanXin0712\AndroidManifest.xml:181:13-52
	android:theme
		ADDED from Android Studio\FanXin0712\AndroidManifest.xml:180:13-52
	android:name
		ADDED from Android Studio\FanXin0712\AndroidManifest.xml:178:13-52
activity#com.fanxin.app.ui.PublicChatRoomsActivity
ADDED from Android Studio\FanXin0712\AndroidManifest.xml:183:9-187:64
	android:screenOrientation
		ADDED from Android Studio\FanXin0712\AndroidManifest.xml:185:13-49
	android:windowSoftInputMode
		ADDED from Android Studio\FanXin0712\AndroidManifest.xml:187:13-52
	android:theme
		ADDED from Android Studio\FanXin0712\AndroidManifest.xml:186:13-52
	android:name
		ADDED from Android Studio\FanXin0712\AndroidManifest.xml:184:13-55
activity#com.fanxin.app.ui.VoiceCallActivity
ADDED from Android Studio\FanXin0712\AndroidManifest.xml:190:9-194:60
	android:screenOrientation
		ADDED from Android Studio\FanXin0712\AndroidManifest.xml:193:13-49
	android:launchMode
		ADDED from Android Studio\FanXin0712\AndroidManifest.xml:192:13-44
	android:theme
		ADDED from Android Studio\FanXin0712\AndroidManifest.xml:194:13-48
	android:name
		ADDED from Android Studio\FanXin0712\AndroidManifest.xml:191:13-49
activity#com.fanxin.app.ui.VideoCallActivity
ADDED from Android Studio\FanXin0712\AndroidManifest.xml:196:9-201:64
	android:screenOrientation
		ADDED from Android Studio\FanXin0712\AndroidManifest.xml:200:13-49
	android:launchMode
		ADDED from Android Studio\FanXin0712\AndroidManifest.xml:199:13-44
	android:configChanges
		ADDED from Android Studio\FanXin0712\AndroidManifest.xml:198:13-74
	android:theme
		ADDED from Android Studio\FanXin0712\AndroidManifest.xml:201:13-52
	android:name
		ADDED from Android Studio\FanXin0712\AndroidManifest.xml:197:13-49
activity#com.fanxin.app.ui.GroupSimpleDetailActivity
ADDED from Android Studio\FanXin0712\AndroidManifest.xml:203:9-206:64
	android:screenOrientation
		ADDED from Android Studio\FanXin0712\AndroidManifest.xml:205:13-49
	android:theme
		ADDED from Android Studio\FanXin0712\AndroidManifest.xml:206:13-52
	android:name
		ADDED from Android Studio\FanXin0712\AndroidManifest.xml:204:13-57
activity#com.fanxin.app.ui.GroupBlacklistActivity
ADDED from Android Studio\FanXin0712\AndroidManifest.xml:208:9-211:64
	android:screenOrientation
		ADDED from Android Studio\FanXin0712\AndroidManifest.xml:210:13-49
	android:theme
		ADDED from Android Studio\FanXin0712\AndroidManifest.xml:211:13-52
	android:name
		ADDED from Android Studio\FanXin0712\AndroidManifest.xml:209:13-54
activity#com.fanxin.app.ui.GroupSearchMessageActivity
ADDED from Android Studio\FanXin0712\AndroidManifest.xml:212:9-216:67
	android:screenOrientation
		ADDED from Android Studio\FanXin0712\AndroidManifest.xml:214:13-49
	android:windowSoftInputMode
		ADDED from Android Studio\FanXin0712\AndroidManifest.xml:216:13-55
	android:theme
		ADDED from Android Studio\FanXin0712\AndroidManifest.xml:215:13-52
	android:name
		ADDED from Android Studio\FanXin0712\AndroidManifest.xml:213:13-58
activity#com.fanxin.app.ui.PublicGroupsSeachActivity
ADDED from Android Studio\FanXin0712\AndroidManifest.xml:218:9-221:64
	android:screenOrientation
		ADDED from Android Studio\FanXin0712\AndroidManifest.xml:220:13-49
	android:theme
		ADDED from Android Studio\FanXin0712\AndroidManifest.xml:221:13-52
	android:name
		ADDED from Android Studio\FanXin0712\AndroidManifest.xml:219:13-57
activity#com.fanxin.app.ui.EditActivity
ADDED from Android Studio\FanXin0712\AndroidManifest.xml:222:9-226:67
	android:screenOrientation
		ADDED from Android Studio\FanXin0712\AndroidManifest.xml:224:13-49
	android:windowSoftInputMode
		ADDED from Android Studio\FanXin0712\AndroidManifest.xml:226:13-55
	android:theme
		ADDED from Android Studio\FanXin0712\AndroidManifest.xml:225:13-52
	android:name
		ADDED from Android Studio\FanXin0712\AndroidManifest.xml:223:13-44
activity#com.fanxin.easeui.ui.EaseShowVideoActivity
ADDED from Android Studio\FanXin0712\AndroidManifest.xml:227:9-231:72
	android:screenOrientation
		ADDED from Android Studio\FanXin0712\AndroidManifest.xml:229:13-49
	android:windowSoftInputMode
		ADDED from Android Studio\FanXin0712\AndroidManifest.xml:231:13-60
	android:theme
		ADDED from Android Studio\FanXin0712\AndroidManifest.xml:230:13-52
	android:name
		ADDED from Android Studio\FanXin0712\AndroidManifest.xml:228:13-70
activity#com.fanxin.app.ui.ImageGridActivity
ADDED from Android Studio\FanXin0712\AndroidManifest.xml:233:9-237:72
	android:screenOrientation
		ADDED from Android Studio\FanXin0712\AndroidManifest.xml:235:13-49
	android:windowSoftInputMode
		ADDED from Android Studio\FanXin0712\AndroidManifest.xml:237:13-60
	android:theme
		ADDED from Android Studio\FanXin0712\AndroidManifest.xml:236:13-52
	android:name
		ADDED from Android Studio\FanXin0712\AndroidManifest.xml:234:13-49
activity#com.fanxin.app.ui.RecorderVideoActivity
ADDED from Android Studio\FanXin0712\AndroidManifest.xml:238:9-242:72
	android:screenOrientation
		ADDED from Android Studio\FanXin0712\AndroidManifest.xml:240:13-49
	android:windowSoftInputMode
		ADDED from Android Studio\FanXin0712\AndroidManifest.xml:242:13-60
	android:theme
		ADDED from Android Studio\FanXin0712\AndroidManifest.xml:241:13-52
	android:name
		ADDED from Android Studio\FanXin0712\AndroidManifest.xml:239:13-53
activity#com.fanxin.app.ui.DiagnoseActivity
ADDED from Android Studio\FanXin0712\AndroidManifest.xml:244:9-248:72
	android:screenOrientation
		ADDED from Android Studio\FanXin0712\AndroidManifest.xml:246:13-49
	android:windowSoftInputMode
		ADDED from Android Studio\FanXin0712\AndroidManifest.xml:248:13-60
	android:theme
		ADDED from Android Studio\FanXin0712\AndroidManifest.xml:247:13-52
	android:name
		ADDED from Android Studio\FanXin0712\AndroidManifest.xml:245:13-48
activity#com.fanxin.app.ui.RobotsActivity
ADDED from Android Studio\FanXin0712\AndroidManifest.xml:252:9-256:72
	android:screenOrientation
		ADDED from Android Studio\FanXin0712\AndroidManifest.xml:254:13-49
	android:windowSoftInputMode
		ADDED from Android Studio\FanXin0712\AndroidManifest.xml:256:13-60
	android:theme
		ADDED from Android Studio\FanXin0712\AndroidManifest.xml:255:13-52
	android:name
		ADDED from Android Studio\FanXin0712\AndroidManifest.xml:253:13-46
activity#com.easemob.redpacketui.ui.activity.RPRedPacketActivity
ADDED from Android Studio\FanXin0712\AndroidManifest.xml:261:9-265:55
	android:screenOrientation
		ADDED from Android Studio\FanXin0712\AndroidManifest.xml:263:13-49
	android:windowSoftInputMode
		ADDED from Android Studio\FanXin0712\AndroidManifest.xml:265:13-52
	android:theme
		ADDED from Android Studio\FanXin0712\AndroidManifest.xml:264:13-52
	android:name
		ADDED from Android Studio\FanXin0712\AndroidManifest.xml:262:13-83
activity#com.easemob.redpacketui.ui.activity.RPDetailActivity
ADDED from Android Studio\FanXin0712\AndroidManifest.xml:267:9-271:55
	android:screenOrientation
		ADDED from Android Studio\FanXin0712\AndroidManifest.xml:269:13-49
	android:windowSoftInputMode
		ADDED from Android Studio\FanXin0712\AndroidManifest.xml:271:13-52
	android:theme
		ADDED from Android Studio\FanXin0712\AndroidManifest.xml:270:13-52
	android:name
		ADDED from Android Studio\FanXin0712\AndroidManifest.xml:268:13-80
activity#com.easemob.redpacketui.ui.activity.RPRecordActivity
ADDED from Android Studio\FanXin0712\AndroidManifest.xml:273:9-277:55
	android:screenOrientation
		ADDED from Android Studio\FanXin0712\AndroidManifest.xml:275:13-49
	android:windowSoftInputMode
		ADDED from Android Studio\FanXin0712\AndroidManifest.xml:277:13-52
	android:theme
		ADDED from Android Studio\FanXin0712\AndroidManifest.xml:276:13-52
	android:name
		ADDED from Android Studio\FanXin0712\AndroidManifest.xml:274:13-80
activity#com.easemob.redpacketui.ui.activity.RPWebViewActivity
ADDED from Android Studio\FanXin0712\AndroidManifest.xml:279:9-283:70
	android:screenOrientation
		ADDED from Android Studio\FanXin0712\AndroidManifest.xml:281:13-49
	android:windowSoftInputMode
		ADDED from Android Studio\FanXin0712\AndroidManifest.xml:283:13-67
	android:theme
		ADDED from Android Studio\FanXin0712\AndroidManifest.xml:282:13-52
	android:name
		ADDED from Android Studio\FanXin0712\AndroidManifest.xml:280:13-81
activity#com.easemob.redpacketui.ui.activity.RPChangeActivity
ADDED from Android Studio\FanXin0712\AndroidManifest.xml:285:9-289:70
	android:screenOrientation
		ADDED from Android Studio\FanXin0712\AndroidManifest.xml:287:13-49
	android:windowSoftInputMode
		ADDED from Android Studio\FanXin0712\AndroidManifest.xml:289:13-67
	android:theme
		ADDED from Android Studio\FanXin0712\AndroidManifest.xml:288:13-52
	android:name
		ADDED from Android Studio\FanXin0712\AndroidManifest.xml:286:13-80
activity#com.easemob.redpacketui.ui.activity.RPBankCardActivity
ADDED from Android Studio\FanXin0712\AndroidManifest.xml:291:9-295:67
	android:screenOrientation
		ADDED from Android Studio\FanXin0712\AndroidManifest.xml:293:13-49
	android:windowSoftInputMode
		ADDED from Android Studio\FanXin0712\AndroidManifest.xml:295:13-64
	android:theme
		ADDED from Android Studio\FanXin0712\AndroidManifest.xml:294:13-52
	android:name
		ADDED from Android Studio\FanXin0712\AndroidManifest.xml:292:13-82
activity#com.fanxin.app.main.activity.ProfileActivity
ADDED from Android Studio\FanXin0712\AndroidManifest.xml:299:9-303:67
	android:screenOrientation
		ADDED from Android Studio\FanXin0712\AndroidManifest.xml:301:13-49
	android:windowSoftInputMode
		ADDED from Android Studio\FanXin0712\AndroidManifest.xml:303:13-55
	android:theme
		ADDED from Android Studio\FanXin0712\AndroidManifest.xml:302:13-52
	android:name
		ADDED from Android Studio\FanXin0712\AndroidManifest.xml:300:13-58
activity#com.fanxin.app.main.activity.ProfileUpdateActivity
ADDED from Android Studio\FanXin0712\AndroidManifest.xml:306:9-310:67
	android:screenOrientation
		ADDED from Android Studio\FanXin0712\AndroidManifest.xml:308:13-49
	android:windowSoftInputMode
		ADDED from Android Studio\FanXin0712\AndroidManifest.xml:310:13-55
	android:theme
		ADDED from Android Studio\FanXin0712\AndroidManifest.xml:309:13-52
	android:name
		ADDED from Android Studio\FanXin0712\AndroidManifest.xml:307:13-64
activity#com.fanxin.app.main.activity.SettingsActivity
ADDED from Android Studio\FanXin0712\AndroidManifest.xml:311:9-315:67
	android:screenOrientation
		ADDED from Android Studio\FanXin0712\AndroidManifest.xml:313:13-49
	android:windowSoftInputMode
		ADDED from Android Studio\FanXin0712\AndroidManifest.xml:315:13-55
	android:theme
		ADDED from Android Studio\FanXin0712\AndroidManifest.xml:314:13-52
	android:name
		ADDED from Android Studio\FanXin0712\AndroidManifest.xml:312:13-59
activity#com.fanxin.app.main.activity.AddFriendsPreActivity
ADDED from Android Studio\FanXin0712\AndroidManifest.xml:316:9-320:67
	android:screenOrientation
		ADDED from Android Studio\FanXin0712\AndroidManifest.xml:318:13-49
	android:windowSoftInputMode
		ADDED from Android Studio\FanXin0712\AndroidManifest.xml:320:13-55
	android:theme
		ADDED from Android Studio\FanXin0712\AndroidManifest.xml:319:13-52
	android:name
		ADDED from Android Studio\FanXin0712\AndroidManifest.xml:317:13-64
activity#com.fanxin.app.main.activity.AddFriendsNextActivity
ADDED from Android Studio\FanXin0712\AndroidManifest.xml:321:9-325:67
	android:screenOrientation
		ADDED from Android Studio\FanXin0712\AndroidManifest.xml:323:13-49
	android:windowSoftInputMode
		ADDED from Android Studio\FanXin0712\AndroidManifest.xml:325:13-55
	android:theme
		ADDED from Android Studio\FanXin0712\AndroidManifest.xml:324:13-52
	android:name
		ADDED from Android Studio\FanXin0712\AndroidManifest.xml:322:13-65
activity#com.fanxin.app.main.activity.AddFriendsFinalActivity
ADDED from Android Studio\FanXin0712\AndroidManifest.xml:326:9-330:67
	android:screenOrientation
		ADDED from Android Studio\FanXin0712\AndroidManifest.xml:328:13-49
	android:windowSoftInputMode
		ADDED from Android Studio\FanXin0712\AndroidManifest.xml:330:13-55
	android:theme
		ADDED from Android Studio\FanXin0712\AndroidManifest.xml:329:13-52
	android:name
		ADDED from Android Studio\FanXin0712\AndroidManifest.xml:327:13-66
activity#com.fanxin.app.main.activity.UserDetailsActivity
ADDED from Android Studio\FanXin0712\AndroidManifest.xml:332:9-336:67
	android:screenOrientation
		ADDED from Android Studio\FanXin0712\AndroidManifest.xml:334:13-49
	android:windowSoftInputMode
		ADDED from Android Studio\FanXin0712\AndroidManifest.xml:336:13-55